# JRE version: Java(TM) SE Runtime Environment (8.0_161-b12) (build 1.8.0_161-b12)
# Java VM: Java HotSpot(TM) 64-Bit Server VM (25.161-b12 mixed mode windows-amd64 compressed oops)
Heap:
 PSYoungGen      total 199680K, used 7438K [0x0000000740600000, 0x0000000752280000, 0x00000007c0000000)
  eden space 192000K, 0% used [0x0000000740600000,0x0000000740600000,0x000000074c180000)
  from space 7680K, 96% used [0x0000000750400000,0x0000000750b43930,0x0000000750b80000)
  to   space 19456K, 0% used [0x0000000750f80000,0x0000000750f80000,0x0000000752280000)
 ParOldGen       total 257536K, used 28277K [0x0000000641200000, 0x0000000650d80000, 0x0000000740600000)
  object space 257536K, 10% used [0x0000000641200000,0x0000000642d9d488,0x0000000650d80000)
 Metaspace       used 46758K, capacity 47782K, committed 47832K, reserved 1091584K
  class space    used 5857K, capacity 6075K, committed 6104K, reserved 1048576K
GC Heap History (10 events):
Event: 959.765 GC heap after
Heap after GC invocations=11 (full 2):
 PSYoungGen      total 219136K, used 14010K [0x0000000740600000, 0x0000000753b00000, 0x00000007c0000000)
  eden space 204800K, 0% used [0x0000000740600000,0x0000000740600000,0x000000074ce00000)
  from space 14336K, 97% used [0x0000000752600000,0x00000007533ae978,0x0000000753400000)
  to   space 7168K, 0% used [0x0000000753400000,0x0000000753400000,0x0000000753b00000)
 ParOldGen       total 257536K, used 21401K [0x0000000641200000, 0x0000000650d80000, 0x0000000740600000)
  object space 257536K, 8% used [0x0000000641200000,0x00000006426e6740,0x0000000650d80000)
 Metaspace       used 46209K, capacity 47116K, committed 47320K, reserved 1091584K
  class space    used 5819K, capacity 6027K, committed 6104K, reserved 1048576K
}
Event: 1391.368 GC heap before
{Heap before GC invocations=12 (full 2):
 PSYoungGen      total 219136K, used 218810K [0x0000000740600000, 0x0000000753b00000, 0x00000007c0000000)
  eden space 204800K, 100% used [0x0000000740600000,0x000000074ce00000,0x000000074ce00000)
  from space 14336K, 97% used [0x0000000752600000,0x00000007533ae978,0x0000000753400000)
  to   space 7168K, 0% used [0x0000000753400000,0x0000000753400000,0x0000000753b00000)
 ParOldGen       total 257536K, used 21401K [0x0000000641200000, 0x0000000650d80000, 0x0000000740600000)
  object space 257536K, 8% used [0x0000000641200000,0x00000006426e6740,0x0000000650d80000)
 Metaspace       used 46484K, capacity 47368K, committed 47576K, reserved 1091584K
  class space    used 5826K, capacity 6037K, committed 6104K, reserved 1048576K
Event: 1391.382 GC heap after
Heap after GC invocations=12 (full 2):
 PSYoungGen      total 207360K, used 7165K [0x0000000740600000, 0x0000000753b00000, 0x00000007c0000000)
  eden space 200192K, 0% used [0x0000000740600000,0x0000000740600000,0x000000074c980000)
  from space 7168K, 99% used [0x0000000753400000,0x0000000753aff4e0,0x0000000753b00000)
  to   space 18944K, 0% used [0x0000000751600000,0x0000000751600000,0x0000000752880000)
 ParOldGen       total 257536K, used 28261K [0x0000000641200000, 0x0000000650d80000, 0x0000000740600000)
  object space 257536K, 10% used [0x0000000641200000,0x0000000642d99488,0x0000000650d80000)
 Metaspace       used 46484K, capacity 47368K, committed 47576K, reserved 1091584K
  class space    used 5826K, capacity 6037K, committed 6104K, reserved 1048576K
}
Event: 1576.730 GC heap before
{Heap before GC invocations=13 (full 2):
 PSYoungGen      total 207360K, used 207357K [0x0000000740600000, 0x0000000753b00000, 0x00000007c0000000)
  eden space 200192K, 100% used [0x0000000740600000,0x000000074c980000,0x000000074c980000)
  from space 7168K, 99% used [0x0000000753400000,0x0000000753aff4e0,0x0000000753b00000)
  to   space 18944K, 0% used [0x0000000751600000,0x0000000751600000,0x0000000752880000)
 ParOldGen       total 257536K, used 28261K [0x0000000641200000, 0x0000000650d80000, 0x0000000740600000)
  object space 257536K, 10% used [0x0000000641200000,0x0000000642d99488,0x0000000650d80000)
 Metaspace       used 46594K, capacity 47462K, committed 47576K, reserved 1091584K
  class space    used 5829K, capacity 6042K, committed 6104K, reserved 1048576K
Event: 1576.820 GC heap after
Heap after GC invocations=13 (full 2):
 PSYoungGen      total 204800K, used 8538K [0x0000000740600000, 0x0000000753480000, 0x00000007c0000000)
  eden space 196096K, 0% used [0x0000000740600000,0x0000000740600000,0x000000074c580000)
  from space 8704K, 98% used [0x0000000751600000,0x0000000751e56988,0x0000000751e80000)
  to   space 18944K, 0% used [0x0000000752200000,0x0000000752200000,0x0000000753480000)
 ParOldGen       total 257536K, used 28269K [0x0000000641200000, 0x0000000650d80000, 0x0000000740600000)
  object space 257536K, 10% used [0x0000000641200000,0x0000000642d9b488,0x0000000650d80000)
 Metaspace       used 46594K, capacity 47462K, committed 47576K, reserved 1091584K
  class space    used 5829K, capacity 6042K, committed 6104K, reserved 1048576K
}
Event: 2017.995 GC heap before
{Heap before GC invocations=14 (full 2):
 PSYoungGen      total 204800K, used 204634K [0x0000000740600000, 0x0000000753480000, 0x00000007c0000000)
  eden space 196096K, 100% used [0x0000000740600000,0x000000074c580000,0x000000074c580000)
  from space 8704K, 98% used [0x0000000751600000,0x0000000751e56988,0x0000000751e80000)
  to   space 18944K, 0% used [0x0000000752200000,0x0000000752200000,0x0000000753480000)
 ParOldGen       total 257536K, used 28269K [0x0000000641200000, 0x0000000650d80000, 0x0000000740600000)
  object space 257536K, 10% used [0x0000000641200000,0x0000000642d9b488,0x0000000650d80000)
 Metaspace       used 46638K, capacity 47564K, committed 47832K, reserved 1091584K
  class space    used 5839K, capacity 6059K, committed 6104K, reserved 1048576K
Event: 2018.001 GC heap after
Heap after GC invocations=14 (full 2):
 PSYoungGen      total 200192K, used 7826K [0x0000000740600000, 0x0000000752a00000, 0x00000007c0000000)
  eden space 192000K, 0% used [0x0000000740600000,0x0000000740600000,0x000000074c180000)
  from space 8192K, 95% used [0x0000000752200000,0x00000007529a4b88,0x0000000752a00000)
  to   space 19456K, 0% used [0x0000000750400000,0x0000000750400000,0x0000000751700000)
 ParOldGen       total 257536K, used 28277K [0x0000000641200000, 0x0000000650d80000, 0x0000000740600000)
  object space 257536K, 10% used [0x0000000641200000,0x0000000642d9d488,0x0000000650d80000)
 Metaspace       used 46638K, capacity 47564K, committed 47832K, reserved 1091584K
  class space    used 5839K, capacity 6059K, committed 6104K, reserved 1048576K
}
Event: 2056.918 GC heap before
{Heap before GC invocations=15 (full 2):
 PSYoungGen      total 200192K, used 27986K [0x0000000740600000, 0x0000000752a00000, 0x00000007c0000000)
  eden space 192000K, 10% used [0x0000000740600000,0x00000007419afd40,0x000000074c180000)
  from space 8192K, 95% used [0x0000000752200000,0x00000007529a4b88,0x0000000752a00000)
  to   space 19456K, 0% used [0x0000000750400000,0x0000000750400000,0x0000000751700000)
 ParOldGen       total 257536K, used 28277K [0x0000000641200000, 0x0000000650d80000, 0x0000000740600000)
  object space 257536K, 10% used [0x0000000641200000,0x0000000642d9d488,0x0000000650d80000)
 Metaspace       used 46758K, capacity 47782K, committed 47832K, reserved 1091584K
  class space    used 5857K, capacity 6075K, committed 6104K, reserved 1048576K
Event: 2056.927 GC heap after
Heap after GC invocations=15 (full 2):
 PSYoungGen      total 199680K, used 7438K [0x0000000740600000, 0x0000000752280000, 0x00000007c0000000)
  eden space 192000K, 0% used [0x0000000740600000,0x0000000740600000,0x000000074c180000)
  from space 7680K, 96% used [0x0000000750400000,0x0000000750b43930,0x0000000750b80000)
  to   space 19456K, 0% used [0x0000000750f80000,0x0000000750f80000,0x0000000752280000)
 ParOldGen       total 257536K, used 28277K [0x0000000641200000, 0x0000000650d80000, 0x0000000740600000)
  object space 257536K, 10% used [0x0000000641200000,0x0000000642d9d488,0x0000000650d80000)
 Metaspace       used 46758K, capacity 47782K, committed 47832K, reserved 1091584K
  class space    used 5857K, capacity 6075K, committed 6104K, reserved 1048576K
}
Event: 2056.927 GC heap before
{Heap before GC invocations=16 (full 3):
 PSYoungGen      total 199680K, used 7438K [0x0000000740600000, 0x0000000752280000, 0x00000007c0000000)
  eden space 192000K, 0% used [0x0000000740600000,0x0000000740600000,0x000000074c180000)
  from space 7680K, 96% used [0x0000000750400000,0x0000000750b43930,0x0000000750b80000)
  to   space 19456K, 0% used [0x0000000750f80000,0x0000000750f80000,0x0000000752280000)
 ParOldGen       total 257536K, used 28277K [0x0000000641200000, 0x0000000650d80000, 0x0000000740600000)
  object space 257536K, 10% used [0x0000000641200000,0x0000000642d9d488,0x0000000650d80000)
 Metaspace       used 46758K, capacity 47782K, committed 47832K, reserved 1091584K
  class space    used 5857K, capacity 6075K, committed 6104K, reserved 1048576K

